Args in experiment:
Namespace(random_seed=2021, is_training=1, model_id='336_96', model='PatchTST', data='ETTh1', root_path='./dataset/', data_path='ETTh1.csv', features='M', target='OT', freq='h', checkpoints='./checkpoints/', seq_len=336, label_len=48, pred_len=96, fc_dropout=0.3, head_dropout=0.0, patch_len=16, stride=8, padding_patch='end', revin=1, affine=0, subtract_last=0, decomposition=0, kernel_size=25, individual=0, embed_type=0, enc_in=7, dec_in=7, c_out=7, d_model=16, n_heads=4, e_layers=3, d_layers=1, d_ff=128, moving_avg=25, factor=1, distil=True, dropout=0.3, embed='timeF', activation='gelu', output_attention=False, do_predict=False, num_workers=10, itr=1, train_epochs=100, batch_size=128, patience=100, learning_rate=0.0001, des='Exp', loss='mse', lradj='type3', pct_start=0.3, use_amp=False, use_gpu=False, gpu=0, use_multi_gpu=False, devices='0,1,2,3', test_flop=False)
Use CPU
>>>>>>>start training : 336_96_PatchTST_ETTh1_ftM_sl336_ll48_pl96_dm16_nh4_el3_dl1_df128_fc1_ebtimeF_dtTrue_Exp_0>>>>>>>>>>>>>>>>>>>>>>>>>>
train 8209
val 2785
test 2785
Epoch: 1 cost time: 53.632800817489624
Epoch: 1, Steps: 64 | Train Loss: 0.7411896 Vali Loss: 1.4697629 Test Loss: 0.8136997
Validation loss decreased (inf --> 1.469763).  Saving model ...
Updating learning rate to 0.0001
Epoch: 2 cost time: 40.07872653007507
Epoch: 2, Steps: 64 | Train Loss: 0.5743368 Vali Loss: 0.8956823 Test Loss: 0.4751725
Validation loss decreased (1.469763 --> 0.895682).  Saving model ...
Updating learning rate to 0.0001
Epoch: 3 cost time: 44.27431869506836
Epoch: 3, Steps: 64 | Train Loss: 0.4591893 Vali Loss: 0.7710598 Test Loss: 0.4293946
Validation loss decreased (0.895682 --> 0.771060).  Saving model ...
Updating learning rate to 0.0001
Epoch: 4 cost time: 39.1756477355957
Epoch: 4, Steps: 64 | Train Loss: 0.4209436 Vali Loss: 0.7243009 Test Loss: 0.4126066
Validation loss decreased (0.771060 --> 0.724301).  Saving model ...
Updating learning rate to 9e-05
Epoch: 5 cost time: 55.422027826309204
Epoch: 5, Steps: 64 | Train Loss: 0.4007326 Vali Loss: 0.7075810 Test Loss: 0.4026544
Validation loss decreased (0.724301 --> 0.707581).  Saving model ...
Updating learning rate to 8.1e-05
Epoch: 6 cost time: 43.067890882492065
Epoch: 6, Steps: 64 | Train Loss: 0.3899815 Vali Loss: 0.7001729 Test Loss: 0.3962578
Validation loss decreased (0.707581 --> 0.700173).  Saving model ...
Updating learning rate to 7.290000000000001e-05
Epoch: 7 cost time: 45.52111053466797
Epoch: 7, Steps: 64 | Train Loss: 0.3834428 Vali Loss: 0.6917977 Test Loss: 0.3918183
Validation loss decreased (0.700173 --> 0.691798).  Saving model ...
Updating learning rate to 6.561e-05
Epoch: 8 cost time: 45.02997922897339
Epoch: 8, Steps: 64 | Train Loss: 0.3777784 Vali Loss: 0.6906554 Test Loss: 0.3884407
Validation loss decreased (0.691798 --> 0.690655).  Saving model ...
Updating learning rate to 5.904900000000001e-05
Epoch: 9 cost time: 43.186004638671875
Epoch: 9, Steps: 64 | Train Loss: 0.3747973 Vali Loss: 0.6889024 Test Loss: 0.3862056
Validation loss decreased (0.690655 --> 0.688902).  Saving model ...
Updating learning rate to 5.3144100000000005e-05
Epoch: 10 cost time: 40.47234773635864
Epoch: 10, Steps: 64 | Train Loss: 0.3722529 Vali Loss: 0.6887250 Test Loss: 0.3842243
Validation loss decreased (0.688902 --> 0.688725).  Saving model ...
Updating learning rate to 4.782969000000001e-05
Epoch: 11 cost time: 39.22215127944946
Epoch: 11, Steps: 64 | Train Loss: 0.3702910 Vali Loss: 0.6885281 Test Loss: 0.3826498
Validation loss decreased (0.688725 --> 0.688528).  Saving model ...
Updating learning rate to 4.304672100000001e-05
Epoch: 12 cost time: 40.60744118690491
Epoch: 12, Steps: 64 | Train Loss: 0.3684502 Vali Loss: 0.6840745 Test Loss: 0.3815024
Validation loss decreased (0.688528 --> 0.684075).  Saving model ...
Updating learning rate to 3.874204890000001e-05
Epoch: 13 cost time: 40.15418744087219
Epoch: 13, Steps: 64 | Train Loss: 0.3669391 Vali Loss: 0.6861968 Test Loss: 0.3805919
EarlyStopping counter: 1 out of 100
Updating learning rate to 3.486784401000001e-05
Epoch: 14 cost time: 37.397226095199585
Epoch: 14, Steps: 64 | Train Loss: 0.3660353 Vali Loss: 0.6841187 Test Loss: 0.3799758
EarlyStopping counter: 2 out of 100
Updating learning rate to 3.138105960900001e-05
Epoch: 15 cost time: 37.6976318359375
Epoch: 15, Steps: 64 | Train Loss: 0.3650211 Vali Loss: 0.6810379 Test Loss: 0.3791299
Validation loss decreased (0.684075 --> 0.681038).  Saving model ...
Updating learning rate to 2.824295364810001e-05
Epoch: 16 cost time: 39.28143930435181
Epoch: 16, Steps: 64 | Train Loss: 0.3643215 Vali Loss: 0.6832358 Test Loss: 0.3786595
EarlyStopping counter: 1 out of 100
Updating learning rate to 2.541865828329001e-05
Epoch: 17 cost time: 39.0927038192749
Epoch: 17, Steps: 64 | Train Loss: 0.3638911 Vali Loss: 0.6835403 Test Loss: 0.3781405
EarlyStopping counter: 2 out of 100
Updating learning rate to 2.287679245496101e-05
Epoch: 18 cost time: 40.83078479766846
Epoch: 18, Steps: 64 | Train Loss: 0.3634794 Vali Loss: 0.6795400 Test Loss: 0.3777441
Validation loss decreased (0.681038 --> 0.679540).  Saving model ...
Updating learning rate to 2.0589113209464907e-05
Epoch: 19 cost time: 38.4911162853241
Epoch: 19, Steps: 64 | Train Loss: 0.3626374 Vali Loss: 0.6841826 Test Loss: 0.3774239
EarlyStopping counter: 1 out of 100
Updating learning rate to 1.8530201888518416e-05
Epoch: 20 cost time: 42.91952419281006
Epoch: 20, Steps: 64 | Train Loss: 0.3618107 Vali Loss: 0.6814369 Test Loss: 0.3771656
EarlyStopping counter: 2 out of 100
Updating learning rate to 1.6677181699666577e-05
Epoch: 21 cost time: 38.777161836624146
Epoch: 21, Steps: 64 | Train Loss: 0.3619545 Vali Loss: 0.6813924 Test Loss: 0.3769403
EarlyStopping counter: 3 out of 100
Updating learning rate to 1.5009463529699919e-05
Epoch: 22 cost time: 43.076555252075195
Epoch: 22, Steps: 64 | Train Loss: 0.3614561 Vali Loss: 0.6843500 Test Loss: 0.3766334
EarlyStopping counter: 4 out of 100
Updating learning rate to 1.3508517176729929e-05
Epoch: 23 cost time: 37.46147632598877
Epoch: 23, Steps: 64 | Train Loss: 0.3609360 Vali Loss: 0.6830443 Test Loss: 0.3764489
EarlyStopping counter: 5 out of 100
Updating learning rate to 1.2157665459056936e-05
Epoch: 24 cost time: 74.08294653892517
Epoch: 24, Steps: 64 | Train Loss: 0.3608940 Vali Loss: 0.6808018 Test Loss: 0.3763104
EarlyStopping counter: 6 out of 100
Updating learning rate to 1.0941898913151242e-05
Epoch: 25 cost time: 75.65956163406372
Epoch: 25, Steps: 64 | Train Loss: 0.3605993 Vali Loss: 0.6774834 Test Loss: 0.3761340
Validation loss decreased (0.679540 --> 0.677483).  Saving model ...
Updating learning rate to 9.847709021836118e-06
Epoch: 26 cost time: 77.39571237564087
Epoch: 26, Steps: 64 | Train Loss: 0.3609015 Vali Loss: 0.6817676 Test Loss: 0.3761315
EarlyStopping counter: 1 out of 100
Updating learning rate to 8.862938119652508e-06
Epoch: 27 cost time: 72.68951487541199
Epoch: 27, Steps: 64 | Train Loss: 0.3602573 Vali Loss: 0.6808068 Test Loss: 0.3759366
EarlyStopping counter: 2 out of 100
Updating learning rate to 7.976644307687255e-06
Epoch: 28 cost time: 70.29625415802002
Epoch: 28, Steps: 64 | Train Loss: 0.3603289 Vali Loss: 0.6773671 Test Loss: 0.3757927
Validation loss decreased (0.677483 --> 0.677367).  Saving model ...
Updating learning rate to 7.178979876918531e-06
Epoch: 29 cost time: 39.89165186882019
Epoch: 29, Steps: 64 | Train Loss: 0.3595516 Vali Loss: 0.6771528 Test Loss: 0.3757408
Validation loss decreased (0.677367 --> 0.677153).  Saving model ...
Updating learning rate to 6.4610818892266776e-06
Epoch: 30 cost time: 39.22400450706482
Epoch: 30, Steps: 64 | Train Loss: 0.3597202 Vali Loss: 0.6788920 Test Loss: 0.3757056
EarlyStopping counter: 1 out of 100
Updating learning rate to 5.8149737003040096e-06
Epoch: 31 cost time: 41.39384603500366
Epoch: 31, Steps: 64 | Train Loss: 0.3591647 Vali Loss: 0.6809564 Test Loss: 0.3756455
EarlyStopping counter: 2 out of 100
Updating learning rate to 5.23347633027361e-06
Epoch: 32 cost time: 40.48029947280884
Epoch: 32, Steps: 64 | Train Loss: 0.3590972 Vali Loss: 0.6822668 Test Loss: 0.3755117
EarlyStopping counter: 3 out of 100
Updating learning rate to 4.710128697246249e-06
Epoch: 33 cost time: 42.11340022087097
Epoch: 33, Steps: 64 | Train Loss: 0.3592969 Vali Loss: 0.6797759 Test Loss: 0.3755144
EarlyStopping counter: 4 out of 100
Updating learning rate to 4.239115827521624e-06
Epoch: 34 cost time: 40.587385177612305
Epoch: 34, Steps: 64 | Train Loss: 0.3592298 Vali Loss: 0.6810433 Test Loss: 0.3754630
EarlyStopping counter: 5 out of 100
Updating learning rate to 3.815204244769462e-06
Epoch: 35 cost time: 41.01108741760254
Epoch: 35, Steps: 64 | Train Loss: 0.3591975 Vali Loss: 0.6778260 Test Loss: 0.3754030
EarlyStopping counter: 6 out of 100
Updating learning rate to 3.4336838202925152e-06
Epoch: 36 cost time: 38.942681074142456
Epoch: 36, Steps: 64 | Train Loss: 0.3593849 Vali Loss: 0.6805615 Test Loss: 0.3753217
EarlyStopping counter: 7 out of 100
Updating learning rate to 3.090315438263264e-06
Epoch: 37 cost time: 39.14138865470886
Epoch: 37, Steps: 64 | Train Loss: 0.3591321 Vali Loss: 0.6795917 Test Loss: 0.3752698
EarlyStopping counter: 8 out of 100
Updating learning rate to 2.7812838944369375e-06
Epoch: 38 cost time: 40.498040199279785
Epoch: 38, Steps: 64 | Train Loss: 0.3591065 Vali Loss: 0.6773536 Test Loss: 0.3753065
EarlyStopping counter: 9 out of 100
Updating learning rate to 2.503155504993244e-06
Epoch: 39 cost time: 38.3009090423584
Epoch: 39, Steps: 64 | Train Loss: 0.3591858 Vali Loss: 0.6817685 Test Loss: 0.3752353
EarlyStopping counter: 10 out of 100
Updating learning rate to 2.2528399544939195e-06
Epoch: 40 cost time: 40.16419219970703
Epoch: 40, Steps: 64 | Train Loss: 0.3590243 Vali Loss: 0.6773751 Test Loss: 0.3752383
EarlyStopping counter: 11 out of 100
Updating learning rate to 2.0275559590445276e-06
Epoch: 41 cost time: 38.61609148979187
Epoch: 41, Steps: 64 | Train Loss: 0.3588356 Vali Loss: 0.6782935 Test Loss: 0.3751481
EarlyStopping counter: 12 out of 100
Updating learning rate to 1.8248003631400751e-06
Epoch: 42 cost time: 35.0818407535553
Epoch: 42, Steps: 64 | Train Loss: 0.3586997 Vali Loss: 0.6757560 Test Loss: 0.3751735
Validation loss decreased (0.677153 --> 0.675756).  Saving model ...
Updating learning rate to 1.6423203268260676e-06
Epoch: 43 cost time: 36.0715389251709
Epoch: 43, Steps: 64 | Train Loss: 0.3583353 Vali Loss: 0.6754283 Test Loss: 0.3751256
Validation loss decreased (0.675756 --> 0.675428).  Saving model ...
Updating learning rate to 1.4780882941434609e-06
Epoch: 44 cost time: 36.44369196891785
Epoch: 44, Steps: 64 | Train Loss: 0.3586758 Vali Loss: 0.6793547 Test Loss: 0.3751566
EarlyStopping counter: 1 out of 100
Updating learning rate to 1.3302794647291146e-06
Epoch: 45 cost time: 34.8092200756073
Epoch: 45, Steps: 64 | Train Loss: 0.3586165 Vali Loss: 0.6800637 Test Loss: 0.3750916
EarlyStopping counter: 2 out of 100
Updating learning rate to 1.1972515182562034e-06
Epoch: 46 cost time: 34.960158824920654
Epoch: 46, Steps: 64 | Train Loss: 0.3584537 Vali Loss: 0.6767890 Test Loss: 0.3750998
EarlyStopping counter: 3 out of 100
Updating learning rate to 1.077526366430583e-06
Epoch: 47 cost time: 35.80140161514282
Epoch: 47, Steps: 64 | Train Loss: 0.3588306 Vali Loss: 0.6822182 Test Loss: 0.3751433
EarlyStopping counter: 4 out of 100
Updating learning rate to 9.697737297875248e-07
Epoch: 48 cost time: 35.876800775527954
Epoch: 48, Steps: 64 | Train Loss: 0.3585811 Vali Loss: 0.6801803 Test Loss: 0.3750979
EarlyStopping counter: 5 out of 100
Updating learning rate to 8.727963568087723e-07
Epoch: 49 cost time: 35.12411570549011
Epoch: 49, Steps: 64 | Train Loss: 0.3586204 Vali Loss: 0.6782746 Test Loss: 0.3751130
EarlyStopping counter: 6 out of 100
Updating learning rate to 7.855167211278951e-07
Epoch: 50 cost time: 34.97982478141785
Epoch: 50, Steps: 64 | Train Loss: 0.3585000 Vali Loss: 0.6757933 Test Loss: 0.3750191
EarlyStopping counter: 7 out of 100
Updating learning rate to 7.069650490151056e-07
Epoch: 51 cost time: 35.08148431777954
Epoch: 51, Steps: 64 | Train Loss: 0.3586938 Vali Loss: 0.6797876 Test Loss: 0.3750673
EarlyStopping counter: 8 out of 100
Updating learning rate to 6.36268544113595e-07
Epoch: 52 cost time: 35.19705891609192
Epoch: 52, Steps: 64 | Train Loss: 0.3585155 Vali Loss: 0.6826313 Test Loss: 0.3750086
EarlyStopping counter: 9 out of 100
Updating learning rate to 5.726416897022355e-07
Epoch: 53 cost time: 35.16360902786255
Epoch: 53, Steps: 64 | Train Loss: 0.3586154 Vali Loss: 0.6791231 Test Loss: 0.3750749
EarlyStopping counter: 10 out of 100
Updating learning rate to 5.15377520732012e-07
Epoch: 54 cost time: 34.97832012176514
Epoch: 54, Steps: 64 | Train Loss: 0.3586015 Vali Loss: 0.6761158 Test Loss: 0.3750249
EarlyStopping counter: 11 out of 100
Updating learning rate to 4.6383976865881085e-07
Epoch: 55 cost time: 35.051305055618286
Epoch: 55, Steps: 64 | Train Loss: 0.3585417 Vali Loss: 0.6763637 Test Loss: 0.3750284
EarlyStopping counter: 12 out of 100
Updating learning rate to 4.174557917929298e-07
Epoch: 56 cost time: 35.081782579422
Epoch: 56, Steps: 64 | Train Loss: 0.3584551 Vali Loss: 0.6788628 Test Loss: 0.3750166
EarlyStopping counter: 13 out of 100
Updating learning rate to 3.7571021261363677e-07
Epoch: 57 cost time: 35.03444576263428
Epoch: 57, Steps: 64 | Train Loss: 0.3585800 Vali Loss: 0.6775604 Test Loss: 0.3749897
EarlyStopping counter: 14 out of 100
Updating learning rate to 3.381391913522731e-07
Epoch: 58 cost time: 34.99190163612366
Epoch: 58, Steps: 64 | Train Loss: 0.3584249 Vali Loss: 0.6830554 Test Loss: 0.3749854
EarlyStopping counter: 15 out of 100
Updating learning rate to 3.043252722170458e-07
Epoch: 59 cost time: 35.15122389793396
Epoch: 59, Steps: 64 | Train Loss: 0.3586619 Vali Loss: 0.6793242 Test Loss: 0.3749850
EarlyStopping counter: 16 out of 100
Updating learning rate to 2.7389274499534124e-07
Epoch: 60 cost time: 35.13901877403259
Epoch: 60, Steps: 64 | Train Loss: 0.3583586 Vali Loss: 0.6783012 Test Loss: 0.3749803
EarlyStopping counter: 17 out of 100
Updating learning rate to 2.465034704958071e-07
Epoch: 61 cost time: 35.1433162689209
Epoch: 61, Steps: 64 | Train Loss: 0.3582792 Vali Loss: 0.6784809 Test Loss: 0.3749916
EarlyStopping counter: 18 out of 100
Updating learning rate to 2.218531234462264e-07
Epoch: 62 cost time: 35.1659095287323
Epoch: 62, Steps: 64 | Train Loss: 0.3586394 Vali Loss: 0.6794591 Test Loss: 0.3749861
EarlyStopping counter: 19 out of 100
Updating learning rate to 1.9966781110160376e-07
Epoch: 63 cost time: 35.06823492050171
Epoch: 63, Steps: 64 | Train Loss: 0.3584464 Vali Loss: 0.6835352 Test Loss: 0.3750016
EarlyStopping counter: 20 out of 100
Updating learning rate to 1.797010299914434e-07
Epoch: 64 cost time: 35.05171346664429
Epoch: 64, Steps: 64 | Train Loss: 0.3579876 Vali Loss: 0.6771072 Test Loss: 0.3749547
EarlyStopping counter: 21 out of 100
Updating learning rate to 1.6173092699229907e-07
Epoch: 65 cost time: 35.00835609436035
Epoch: 65, Steps: 64 | Train Loss: 0.3584082 Vali Loss: 0.6789130 Test Loss: 0.3749284
EarlyStopping counter: 22 out of 100
Updating learning rate to 1.4555783429306916e-07
Epoch: 66 cost time: 35.19481825828552
Epoch: 66, Steps: 64 | Train Loss: 0.3584487 Vali Loss: 0.6775855 Test Loss: 0.3750151
EarlyStopping counter: 23 out of 100
Updating learning rate to 1.3100205086376224e-07
Epoch: 67 cost time: 36.43592405319214
Epoch: 67, Steps: 64 | Train Loss: 0.3581757 Vali Loss: 0.6792388 Test Loss: 0.3749861
EarlyStopping counter: 24 out of 100
Updating learning rate to 1.1790184577738603e-07
Epoch: 68 cost time: 41.975868940353394
Epoch: 68, Steps: 64 | Train Loss: 0.3584851 Vali Loss: 0.6792352 Test Loss: 0.3749662
EarlyStopping counter: 25 out of 100
Updating learning rate to 1.0611166119964742e-07
Epoch: 69 cost time: 41.73177528381348
Epoch: 69, Steps: 64 | Train Loss: 0.3585452 Vali Loss: 0.6807209 Test Loss: 0.3749434
EarlyStopping counter: 26 out of 100
Updating learning rate to 9.550049507968268e-08
Epoch: 70 cost time: 36.47376251220703
Epoch: 70, Steps: 64 | Train Loss: 0.3583441 Vali Loss: 0.6792428 Test Loss: 0.3749966
EarlyStopping counter: 27 out of 100
Updating learning rate to 8.595044557171442e-08
Epoch: 71 cost time: 36.229209899902344
Epoch: 71, Steps: 64 | Train Loss: 0.3586845 Vali Loss: 0.6813178 Test Loss: 0.3749840
EarlyStopping counter: 28 out of 100
Updating learning rate to 7.735540101454298e-08
Epoch: 72 cost time: 36.4510715007782
Epoch: 72, Steps: 64 | Train Loss: 0.3587616 Vali Loss: 0.6765463 Test Loss: 0.3750314
EarlyStopping counter: 29 out of 100
Updating learning rate to 6.961986091308869e-08
Epoch: 73 cost time: 36.54340314865112
Epoch: 73, Steps: 64 | Train Loss: 0.3584767 Vali Loss: 0.6817259 Test Loss: 0.3749641
EarlyStopping counter: 30 out of 100
Updating learning rate to 6.265787482177981e-08
Epoch: 74 cost time: 36.26232981681824
Epoch: 74, Steps: 64 | Train Loss: 0.3584754 Vali Loss: 0.6823459 Test Loss: 0.3749443
EarlyStopping counter: 31 out of 100
Updating learning rate to 5.639208733960184e-08
Epoch: 75 cost time: 36.166537284851074
Epoch: 75, Steps: 64 | Train Loss: 0.3583910 Vali Loss: 0.6757947 Test Loss: 0.3749636
EarlyStopping counter: 32 out of 100
Updating learning rate to 5.075287860564165e-08
Epoch: 76 cost time: 36.27706980705261
Epoch: 76, Steps: 64 | Train Loss: 0.3584161 Vali Loss: 0.6777295 Test Loss: 0.3750156
EarlyStopping counter: 33 out of 100
Updating learning rate to 4.567759074507749e-08
Epoch: 77 cost time: 34.91194987297058
Epoch: 77, Steps: 64 | Train Loss: 0.3585432 Vali Loss: 0.6816326 Test Loss: 0.3750049
EarlyStopping counter: 34 out of 100
Updating learning rate to 4.1109831670569744e-08
Epoch: 78 cost time: 35.03822946548462
Epoch: 78, Steps: 64 | Train Loss: 0.3582785 Vali Loss: 0.6804973 Test Loss: 0.3749090
EarlyStopping counter: 35 out of 100
Updating learning rate to 3.6998848503512764e-08
Epoch: 79 cost time: 35.04754900932312
Epoch: 79, Steps: 64 | Train Loss: 0.3584025 Vali Loss: 0.6803861 Test Loss: 0.3749381
EarlyStopping counter: 36 out of 100
Updating learning rate to 3.3298963653161496e-08
Epoch: 80 cost time: 35.016857385635376
Epoch: 80, Steps: 64 | Train Loss: 0.3583881 Vali Loss: 0.6796729 Test Loss: 0.3749757
EarlyStopping counter: 37 out of 100
Updating learning rate to 2.996906728784534e-08
Epoch: 81 cost time: 35.102683782577515
Epoch: 81, Steps: 64 | Train Loss: 0.3581086 Vali Loss: 0.6798193 Test Loss: 0.3749478
EarlyStopping counter: 38 out of 100
Updating learning rate to 2.697216055906081e-08
Epoch: 82 cost time: 35.081624031066895
Epoch: 82, Steps: 64 | Train Loss: 0.3583019 Vali Loss: 0.6762198 Test Loss: 0.3749686
EarlyStopping counter: 39 out of 100
Updating learning rate to 2.427494450315473e-08
Epoch: 83 cost time: 35.03228282928467
Epoch: 83, Steps: 64 | Train Loss: 0.3585319 Vali Loss: 0.6803266 Test Loss: 0.3749844
EarlyStopping counter: 40 out of 100
Updating learning rate to 2.1847450052839257e-08
Epoch: 84 cost time: 35.03234243392944
Epoch: 84, Steps: 64 | Train Loss: 0.3583911 Vali Loss: 0.6818024 Test Loss: 0.3750053
EarlyStopping counter: 41 out of 100
Updating learning rate to 1.9662705047555332e-08
Epoch: 85 cost time: 35.18524479866028
Epoch: 85, Steps: 64 | Train Loss: 0.3582295 Vali Loss: 0.6792052 Test Loss: 0.3749606
EarlyStopping counter: 42 out of 100
Updating learning rate to 1.7696434542799797e-08
Epoch: 86 cost time: 34.95327806472778
Epoch: 86, Steps: 64 | Train Loss: 0.3584492 Vali Loss: 0.6739812 Test Loss: 0.3749565
Validation loss decreased (0.675428 --> 0.673981).  Saving model ...
Updating learning rate to 1.5926791088519817e-08
Epoch: 87 cost time: 35.077340841293335
Epoch: 87, Steps: 64 | Train Loss: 0.3586306 Vali Loss: 0.6749480 Test Loss: 0.3749780
EarlyStopping counter: 1 out of 100
Updating learning rate to 1.4334111979667836e-08
Epoch: 88 cost time: 35.187445878982544
Epoch: 88, Steps: 64 | Train Loss: 0.3584756 Vali Loss: 0.6777693 Test Loss: 0.3749720
EarlyStopping counter: 2 out of 100
Updating learning rate to 1.2900700781701054e-08
Epoch: 89 cost time: 35.24879288673401
Epoch: 89, Steps: 64 | Train Loss: 0.3588075 Vali Loss: 0.6797094 Test Loss: 0.3749787
EarlyStopping counter: 3 out of 100
Updating learning rate to 1.161063070353095e-08
Epoch: 90 cost time: 34.934953689575195
Epoch: 90, Steps: 64 | Train Loss: 0.3587684 Vali Loss: 0.6811349 Test Loss: 0.3749599
EarlyStopping counter: 4 out of 100
Updating learning rate to 1.0449567633177854e-08
Epoch: 91 cost time: 35.153313398361206
Epoch: 91, Steps: 64 | Train Loss: 0.3585839 Vali Loss: 0.6778568 Test Loss: 0.3749371
EarlyStopping counter: 5 out of 100
Updating learning rate to 9.404610869860069e-09
Epoch: 92 cost time: 35.16326880455017
Epoch: 92, Steps: 64 | Train Loss: 0.3588593 Vali Loss: 0.6759858 Test Loss: 0.3749847
EarlyStopping counter: 6 out of 100
Updating learning rate to 8.464149782874063e-09
Epoch: 93 cost time: 35.306068658828735
Epoch: 93, Steps: 64 | Train Loss: 0.3584754 Vali Loss: 0.6801540 Test Loss: 0.3750171
EarlyStopping counter: 7 out of 100
Updating learning rate to 7.617734804586658e-09
Epoch: 94 cost time: 35.31145215034485
Epoch: 94, Steps: 64 | Train Loss: 0.3584307 Vali Loss: 0.6777593 Test Loss: 0.3750149
EarlyStopping counter: 8 out of 100
Updating learning rate to 6.855961324127991e-09
Epoch: 95 cost time: 35.12399196624756
Epoch: 95, Steps: 64 | Train Loss: 0.3584124 Vali Loss: 0.6771666 Test Loss: 0.3750361
EarlyStopping counter: 9 out of 100
Updating learning rate to 6.170365191715193e-09
Epoch: 96 cost time: 35.08050584793091
Epoch: 96, Steps: 64 | Train Loss: 0.3583388 Vali Loss: 0.6793512 Test Loss: 0.3750251
EarlyStopping counter: 10 out of 100
Updating learning rate to 5.5533286725436726e-09
Epoch: 97 cost time: 35.178712368011475
Epoch: 97, Steps: 64 | Train Loss: 0.3581882 Vali Loss: 0.6819811 Test Loss: 0.3749347
EarlyStopping counter: 11 out of 100
Updating learning rate to 4.997995805289306e-09
Epoch: 98 cost time: 35.093456983566284
Epoch: 98, Steps: 64 | Train Loss: 0.3586097 Vali Loss: 0.6745664 Test Loss: 0.3750227
EarlyStopping counter: 12 out of 100
Updating learning rate to 4.498196224760375e-09
Epoch: 99 cost time: 35.11884069442749
Epoch: 99, Steps: 64 | Train Loss: 0.3583601 Vali Loss: 0.6783851 Test Loss: 0.3749866
EarlyStopping counter: 13 out of 100
Updating learning rate to 4.048376602284338e-09
Epoch: 100 cost time: 38.004064321517944
Epoch: 100, Steps: 64 | Train Loss: 0.3581978 Vali Loss: 0.6771212 Test Loss: 0.3749581
EarlyStopping counter: 14 out of 100
Updating learning rate to 3.643538942055904e-09
>>>>>>>testing : 336_96_PatchTST_ETTh1_ftM_sl336_ll48_pl96_dm16_nh4_el3_dl1_df128_fc1_ebtimeF_dtTrue_Exp_0<<<<<<<<<<<<<<<<<<<<<<<<<<<<<<<<<
test 2785
mse:0.3749564588069916, mae:0.39932700991630554, rse:0.5806385278701782
